2009.10.19 16:29 B L:\Plumber 2\js\cufon-yui.js --> cmzmedia.com /plumber2/js cufon-yui.js
2009.10.19 16:29 B L:\Plumber 2\js\oneStroke_500.font.js --> cmzmedia.com /plumber2/js oneStroke_500.font.js
2009.10.19 16:54 B L:\Plumber 2\js\One_Stroke_Script_LET_500.font.js --> cmzmedia.com /plumber2/js One_Stroke_Script_LET_500.font.js
2009.10.19 16:56 B L:\Plumber 2\js\cufon-yui.js --> cmzmedia.com /plumber2/js cufon-yui.js
2009.10.27 09:21 B L:\Plumber 2\js\cufon-yui.js --> www.pageonepriority.com /plumbingsantaana.com/js cufon-yui.js
2009.10.27 09:21 B L:\Plumber 2\js\One_Stroke_Script_LET_500.font.js --> www.pageonepriority.com /plumbingsantaana.com/js One_Stroke_Script_LET_500.font.js
2009.10.27 09:21 B L:\Plumber 2\js\WS_FTP.LOG --> www.pageonepriority.com /plumbingsantaana.com/js WS_FTP.LOG
2009.11.19 15:19 B F:\Autowerkes 2\js\cufon-yui.js --> host156.hostmonster.com /huntingtonbeachbmwrepair/js cufon-yui.js
2009.11.19 15:19 B F:\Autowerkes 2\js\Vivaldi_italic_400.font.js --> host156.hostmonster.com /huntingtonbeachbmwrepair/js Vivaldi_italic_400.font.js
2009.11.19 15:19 B F:\Autowerkes 2\js\WS_FTP.LOG --> host156.hostmonster.com /huntingtonbeachbmwrepair/js WS_FTP.LOG
2009.11.20 11:30 B L:\Autowerkes 2\js\Tahoma_400.font.js --> host156.hostmonster.com /huntingtonbeachbmwrepair/js Tahoma_400.font.js
2009.12.03 14:33 B L:\Long Beach Auto Repair\js\cufon-yui.js --> host156.hostmonster.com /autorepairlongbeach/js cufon-yui.js
2009.12.03 14:33 B L:\Long Beach Auto Repair\js\Tahoma_400.font.js --> host156.hostmonster.com /autorepairlongbeach/js Tahoma_400.font.js
2009.12.03 14:33 B L:\Long Beach Auto Repair\js\WS_FTP.LOG --> host156.hostmonster.com /autorepairlongbeach/js WS_FTP.LOG
2009.12.04 15:55 B F:\Long Beach Auto Repair\js\cufon-yui.js --> injurylawyerorangecounty.com /js cufon-yui.js
2009.12.04 15:55 B F:\Long Beach Auto Repair\js\Tahoma_400.font.js --> injurylawyerorangecounty.com /js Tahoma_400.font.js
2009.12.04 15:55 B F:\Long Beach Auto Repair\js\WS_FTP.LOG --> injurylawyerorangecounty.com /js WS_FTP.LOG
2009.12.14 14:03 B F:\Long Beach Auto Repair Foreign\js\cufon-yui.js --> toyotarepairlongbeach.com /js cufon-yui.js
2009.12.14 14:03 B F:\Long Beach Auto Repair Foreign\js\Tahoma_400.font.js --> toyotarepairlongbeach.com /js Tahoma_400.font.js
2009.12.14 14:03 B F:\Long Beach Auto Repair Foreign\js\WS_FTP.LOG --> toyotarepairlongbeach.com /js WS_FTP.LOG
2009.12.31 15:47 B L:\Long Beach Family Law\js\cufon-yui.js --> www.pageonepriority.com /familylawyerlongbeach/js cufon-yui.js
2009.12.31 15:48 B L:\Long Beach Family Law\js\Tahoma_400.font.js --> www.pageonepriority.com /familylawyerlongbeach/js Tahoma_400.font.js
2009.12.31 15:48 B L:\Long Beach Family Law\js\WS_FTP.LOG --> www.pageonepriority.com /familylawyerlongbeach/js WS_FTP.LOG
2010.01.04 15:01 B F:\Long Beach Family Law\js\cufon-yui.js --> www.pageonepriority.com /customcabinetsnewportbeach/wp-content/themes/classic/js cufon-yui.js
2010.01.04 15:01 B F:\Long Beach Family Law\js\Tahoma_400.font.js --> www.pageonepriority.com /customcabinetsnewportbeach/wp-content/themes/classic/js Tahoma_400.font.js
2010.01.04 15:01 B F:\Long Beach Family Law\js\WS_FTP.LOG --> www.pageonepriority.com /customcabinetsnewportbeach/wp-content/themes/classic/js WS_FTP.LOG
2010.01.04 16:06 B F:\Long Beach Family Law\js\cufon-yui.js --> www.pageonepriority.com /customcabinetsnewportbeach/wp-content/themes/default/js cufon-yui.js
2010.01.04 16:06 B F:\Long Beach Family Law\js\Tahoma_400.font.js --> www.pageonepriority.com /customcabinetsnewportbeach/wp-content/themes/default/js Tahoma_400.font.js
2010.01.04 16:06 B F:\Long Beach Family Law\js\WS_FTP.LOG --> www.pageonepriority.com /customcabinetsnewportbeach/wp-content/themes/default/js WS_FTP.LOG
2010.01.04 16:06 B F:\Long Beach Family Law\js\cufon-yui.js --> www.pageonepriority.com /customcabinetsnewportbeach/js cufon-yui.js
2010.01.04 16:06 B F:\Long Beach Family Law\js\Tahoma_400.font.js --> www.pageonepriority.com /customcabinetsnewportbeach/js Tahoma_400.font.js
2010.01.04 16:06 B F:\Long Beach Family Law\js\WS_FTP.LOG --> www.pageonepriority.com /customcabinetsnewportbeach/js WS_FTP.LOG
2010.01.22 22:50 B L:\Auto Repair Glendora\js\cufon-yui.js --> www.pageonepriority.com /AUTOREPAIRGLENDORA.COM/js cufon-yui.js
2010.01.22 22:50 B L:\Auto Repair Glendora\js\Tahoma_400.font.js --> www.pageonepriority.com /AUTOREPAIRGLENDORA.COM/js Tahoma_400.font.js
2010.01.22 22:50 B L:\Auto Repair Glendora\js\WS_FTP.LOG --> www.pageonepriority.com /AUTOREPAIRGLENDORA.COM/js WS_FTP.LOG
2010.02.05 16:17 B F:\Advanced Auto Center\js\cufon-yui.js --> s310454094.onlinehome.us /js cufon-yui.js
2010.02.05 16:17 B F:\Advanced Auto Center\js\Tahoma_400.font.js --> s310454094.onlinehome.us /js Tahoma_400.font.js
2010.02.05 16:17 B F:\Advanced Auto Center\js\WS_FTP.LOG --> s310454094.onlinehome.us /js WS_FTP.LOG
2010.03.01 18:47 B L:\Littleton Auto Repair\js\cufon-yui.js --> autorepairlittleton.com /public/js cufon-yui.js
2010.03.01 18:47 B L:\Littleton Auto Repair\js\Tahoma_400.font.js --> autorepairlittleton.com /public/js Tahoma_400.font.js
2010.03.01 18:47 B L:\Littleton Auto Repair\js\WS_FTP.LOG --> autorepairlittleton.com /public/js WS_FTP.LOG
2010.03.19 09:41 B L:\Temecula Auto Repair\js\cufon-yui.js --> temeculaautomotiverepair.com /public/js cufon-yui.js
2010.03.19 09:41 B L:\Temecula Auto Repair\js\Tahoma_400.font.js --> temeculaautomotiverepair.com /public/js Tahoma_400.font.js
2010.03.19 09:41 B L:\Temecula Auto Repair\js\WS_FTP.LOG --> temeculaautomotiverepair.com /public/js WS_FTP.LOG
2010.03.23 10:22 B L:\Temecula Auto Repair\js\customjquery.js --> temeculaautomotiverepair.com /public/js customjquery.js
2010.04.12 19:52 B L:\Temecula Auto Repair\js\cufon-yui.js --> temeculaautomotiverepair.com /public/js cufon-yui.js
2010.04.12 19:52 B L:\Temecula Auto Repair\js\customjquery.js --> temeculaautomotiverepair.com /public/js customjquery.js
2010.04.12 19:52 B L:\Temecula Auto Repair\js\Tahoma_400.font.js --> temeculaautomotiverepair.com /public/js Tahoma_400.font.js
2010.04.12 19:52 B L:\Temecula Auto Repair\js\WS_FTP.LOG --> temeculaautomotiverepair.com /public/js WS_FTP.LOG
2010.04.12 23:26 B L:\Temecula Auto Repair\js\cufon-yui.js --> cmzmedia.com /temecula/js cufon-yui.js
2010.04.12 23:26 B L:\Temecula Auto Repair\js\customjquery.js --> cmzmedia.com /temecula/js customjquery.js
2010.04.12 23:26 B L:\Temecula Auto Repair\js\Tahoma_400.font.js --> cmzmedia.com /temecula/js Tahoma_400.font.js
2010.04.12 23:26 B L:\Temecula Auto Repair\js\WS_FTP.LOG --> cmzmedia.com /temecula/js WS_FTP.LOG
2010.04.20 11:02 B F:\Murietta\js\customjquery.js --> cmzmedia.com /temecula/js customjquery.js
2010.04.20 12:14 B F:\Murrieta\js\cufon-yui.js --> ftp.murrietaautomotiverepair.com /public_html/js cufon-yui.js
2010.04.20 12:14 B F:\Murrieta\js\customjquery.js --> ftp.murrietaautomotiverepair.com /public_html/js customjquery.js
2010.04.20 12:14 B F:\Murrieta\js\Tahoma_400.font.js --> ftp.murrietaautomotiverepair.com /public_html/js Tahoma_400.font.js
2010.04.20 12:14 B F:\Murrieta\js\WS_FTP.LOG --> ftp.murrietaautomotiverepair.com /public_html/js WS_FTP.LOG
2010.04.20 14:38 B F:\Murrieta\js\customjquery.js --> ftp.murrietaautomotiverepair.com /public_html/js customjquery.js
2010.04.20 15:19 B F:\Murrieta\js\Britannic_Bold_400.font.js --> ftp.murrietaautomotiverepair.com /public_html/js Britannic_Bold_400.font.js
2010.04.20 15:20 B F:\Murrieta\js\customjquery.js --> ftp.murrietaautomotiverepair.com /public_html/js customjquery.js
2010.06.16 16:49 B L:\Plumber 4 HB\js\Britannic_Bold_400.font.js --> plumberhuntingtonbeachca.com /public/js Britannic_Bold_400.font.js
2010.06.16 16:49 B L:\Plumber 4 HB\js\cufon-yui.js --> plumberhuntingtonbeachca.com /public/js cufon-yui.js
2010.06.16 16:49 B L:\Plumber 4 HB\js\customjquery.js --> plumberhuntingtonbeachca.com /public/js customjquery.js
2010.06.16 16:49 B L:\Plumber 4 HB\js\Tahoma_400.font.js --> plumberhuntingtonbeachca.com /public/js Tahoma_400.font.js
2010.06.16 16:49 B L:\Plumber 4 HB\js\WS_FTP.LOG --> plumberhuntingtonbeachca.com /public/js WS_FTP.LOG
2010.06.16 16:50 B L:\Plumber 4 HB\js\customjquery.js --> plumberhuntingtonbeachca.com /public/js customjquery.js
2010.06.16 16:50 B L:\Plumber 4 HB\js\customjquery.js --> plumberhuntingtonbeachca.com /public/js customjquery.js
2010.06.16 17:27 B L:\Plumber 4 HB\js\customjquery.js --> plumberhuntingtonbeachca.com /public/js customjquery.js
2010.06.17 11:08 B L:\Plumber 4 HB\js\customjquery.js --> plumberhuntingtonbeachca.com /public/js customjquery.js
2010.06.17 11:09 B L:\Plumber 4 HB\js\customjquery.js --> plumberhuntingtonbeachca.com /public/js customjquery.js
2010.06.17 11:09 B L:\Plumber 4 HB\js\customjquery.js --> plumberhuntingtonbeachca.com /public/js customjquery.js
2010.06.17 11:10 B L:\Plumber 4 HB\js\customjquery.js --> plumberhuntingtonbeachca.com /public/js customjquery.js
2010.06.17 11:10 B L:\Plumber 4 HB\js\customjquery.js --> plumberhuntingtonbeachca.com /public/js customjquery.js
2010.06.17 11:11 B L:\Plumber 4 HB\js\customjquery.js --> plumberhuntingtonbeachca.com /public/js customjquery.js
2010.06.17 11:25 B L:\Plumber 4 HB\js\customjquery.js --> plumberhuntingtonbeachca.com /public customjquery.js
2010.06.17 11:26 B L:\Plumber 4 HB\js\customjquery.js --> plumberhuntingtonbeachca.com /public/js customjquery.js
2010.07.13 09:51 B L:\Lexus Repair HB\js\Britannic_Bold_400.font.js --> lexusrepairhuntingtonbeach.com /public/js Britannic_Bold_400.font.js
2010.07.13 09:51 B L:\Lexus Repair HB\js\cufon-yui.js --> lexusrepairhuntingtonbeach.com /public/js cufon-yui.js
2010.07.13 09:51 B L:\Lexus Repair HB\js\customjquery.js --> lexusrepairhuntingtonbeach.com /public/js customjquery.js
2010.07.13 09:51 B L:\Lexus Repair HB\js\Tahoma_400.font.js --> lexusrepairhuntingtonbeach.com /public/js Tahoma_400.font.js
2010.07.13 09:51 B L:\Lexus Repair HB\js\WS_FTP.LOG --> lexusrepairhuntingtonbeach.com /public/js WS_FTP.LOG
2010.07.13 14:03 B L:\Lexus Repair HB\js\customjquery.js --> lexusrepairhuntingtonbeach.com /public/js customjquery.js
2010.07.13 14:49 B L:\Lexus Repair HB\js\customjquery.js --> lexusrepairhuntingtonbeach.com /public/js customjquery.js
2010.07.13 14:50 B L:\Lexus Repair HB\js\customjquery.js --> lexusrepairhuntingtonbeach.com /public/js customjquery.js
2010.07.13 16:15 B L:\Lexus Repair HB\js\customjquery.js --> lexusrepairhuntingtonbeach.com /public/js customjquery.js
2010.07.13 17:35 B L:\Lexus Repair HB\js\customjquery.js --> lexusrepairhuntingtonbeach.com /public/js customjquery.js
2010.07.13 18:33 B L:\Lexus Repair HB\js\customjquery.js --> lexusrepairhuntingtonbeach.com /public/js customjquery.js
2010.07.13 18:34 B L:\Lexus Repair HB\js\customjquery.js --> lexusrepairhuntingtonbeach.com /public/js customjquery.js
2010.07.13 18:34 B L:\Lexus Repair HB\js\customjquery.js --> lexusrepairhuntingtonbeach.com /public/js customjquery.js
2010.07.13 18:35 B L:\Lexus Repair HB\js\customjquery.js --> lexusrepairhuntingtonbeach.com /public/js customjquery.js
2010.07.13 18:48 B L:\Lexus Repair HB\js\customjquery.js --> lexusrepairhuntingtonbeach.com /public/js customjquery.js
2010.07.14 13:29 B F:\Lexus Repair HB\js\customjquery.js --> lexusrepairhuntingtonbeach.com /public/js customjquery.js
2010.07.14 13:30 B F:\Lexus Repair HB\js\customjquery.js --> lexusrepairhuntingtonbeach.com /public/js customjquery.js
2010.07.14 13:36 B F:\Lexus Repair HB\js\customjquery.js --> lexusrepairhuntingtonbeach.com /public/js customjquery.js
2010.07.14 13:39 B F:\Lexus Repair HB\js\customjquery.js --> lexusrepairhuntingtonbeach.com /public/js customjquery.js
2010.07.14 13:40 B F:\Lexus Repair HB\js\customjquery.js --> lexusrepairhuntingtonbeach.com /public/js customjquery.js
2010.07.22 15:13 B F:\Nissan Repair HB\js\Britannic_Bold_400.font.js --> nissanrepairhuntingtonbeach.com /public/js Britannic_Bold_400.font.js
2010.07.22 15:13 B F:\Nissan Repair HB\js\cufon-yui.js --> nissanrepairhuntingtonbeach.com /public/js cufon-yui.js
2010.07.22 15:13 B F:\Nissan Repair HB\js\customjquery.js --> nissanrepairhuntingtonbeach.com /public/js customjquery.js
2010.07.22 15:13 B F:\Nissan Repair HB\js\Tahoma_400.font.js --> nissanrepairhuntingtonbeach.com /public/js Tahoma_400.font.js
2010.07.22 15:13 B F:\Nissan Repair HB\js\WS_FTP.LOG --> nissanrepairhuntingtonbeach.com /public/js WS_FTP.LOG
2010.07.22 16:09 B F:\Nissan Repair HB\js\customjquery.js --> nissanrepairhuntingtonbeach.com /public/js customjquery.js
2010.07.22 22:30 B L:\Nissan Repair HB\js\customjquery.js --> nissanrepairhuntingtonbeach.com /public/js customjquery.js
2010.07.22 22:31 B L:\Nissan Repair HB\js\customjquery.js --> nissanrepairhuntingtonbeach.com /public/js customjquery.js
2010.07.22 22:32 B L:\Nissan Repair HB\js\customjquery.js --> nissanrepairhuntingtonbeach.com /public/js customjquery.js
2010.07.22 22:32 B L:\Nissan Repair HB\js\customjquery.js --> nissanrepairhuntingtonbeach.com /public/js customjquery.js
2010.07.22 22:33 B L:\Nissan Repair HB\js\customjquery.js --> nissanrepairhuntingtonbeach.com /public/js customjquery.js
2010.07.22 22:34 B L:\Nissan Repair HB\js\customjquery.js --> nissanrepairhuntingtonbeach.com /public/js customjquery.js
2010.07.22 22:35 B L:\Nissan Repair HB\js\customjquery.js --> nissanrepairhuntingtonbeach.com /public/js customjquery.js
2010.07.22 22:37 B L:\Nissan Repair HB\js\customjquery.js --> nissanrepairhuntingtonbeach.com /public/js customjquery.js
2010.07.22 22:39 B L:\Nissan Repair HB\js\customjquery.js --> nissanrepairhuntingtonbeach.com /public/js customjquery.js
2010.07.22 22:39 B L:\Nissan Repair HB\js\customjquery.js --> nissanrepairhuntingtonbeach.com /public/js customjquery.js
2010.09.21 15:58 B F:\Honda Repair HB\js\customjquery.js --> cmzmedia.com /cabinet/js customjquery.js
2023.05.18 22:37 B E:\Range Rover Guys\js\Britannic_Bold_400.font.js --> ftp.franksautorepairhuntingtonbeach.com /js Britannic_Bold_400.font.js
2023.05.18 22:37 B E:\Range Rover Guys\js\cufon-yui.js --> ftp.franksautorepairhuntingtonbeach.com /js cufon-yui.js
2023.05.18 22:37 B E:\Range Rover Guys\js\customjquery.js --> ftp.franksautorepairhuntingtonbeach.com /js customjquery.js
2023.05.18 22:37 B E:\Range Rover Guys\js\Tahoma_400.font.js --> ftp.franksautorepairhuntingtonbeach.com /js Tahoma_400.font.js
2023.05.18 22:37 B E:\Range Rover Guys\js\WS_FTP.LOG --> ftp.franksautorepairhuntingtonbeach.com /js WS_FTP.LOG
2024.04.24 13:34 B E:\Range Rover Guys\js\customjquery.js --> ftp.franksautorepairhuntingtonbeach.com /js customjquery.js
2026.04.21 18:36 B E:\Range Rover Guys\js\Britannic_Bold_400.font.js --> 67.20.76.83 /js Britannic_Bold_400.font.js
2026.04.21 18:36 B E:\Range Rover Guys\js\cufon-yui.js --> 67.20.76.83 /js cufon-yui.js
2026.04.21 18:36 B E:\Range Rover Guys\js\customjquery.js --> 67.20.76.83 /js customjquery.js
2026.04.21 18:36 B E:\Range Rover Guys\js\Tahoma_400.font.js --> 67.20.76.83 /js Tahoma_400.font.js
2026.04.21 18:36 B E:\Range Rover Guys\js\WS_FTP.LOG --> 67.20.76.83 /js WS_FTP.LOG
